17:59:41.887 [main] INFO  testCases.TC_001_AccountRegistrationTest - *********Starting TC_001_AccountRegistrationTest****************
17:59:41.982 [main] INFO  testCases.TC_001_AccountRegistrationTest - Clicked on my account............
17:59:42.750 [main] INFO  testCases.TC_001_AccountRegistrationTest - Clicked on Register............
17:59:42.752 [main] INFO  testCases.TC_001_AccountRegistrationTest - Dynamically sending values............
17:59:43.212 [main] INFO  testCases.TC_001_AccountRegistrationTest - Clicked on check box............
18:02:05.562 [main] INFO  testCases.TC_001_AccountRegistrationTest - *********Starting TC_001_AccountRegistrationTest****************
18:02:05.654 [main] INFO  testCases.TC_001_AccountRegistrationTest - Clicked on my account............
18:02:06.631 [main] INFO  testCases.TC_001_AccountRegistrationTest - Clicked on Register............
18:02:06.632 [main] INFO  testCases.TC_001_AccountRegistrationTest - Dynamically sending values............
18:02:07.029 [main] INFO  testCases.TC_001_AccountRegistrationTest - Clicked on check box............
18:03:20.592 [main] INFO  testCases.TC_001_AccountRegistrationTest - *********Starting TC_001_AccountRegistrationTest****************
18:03:20.722 [main] INFO  testCases.TC_001_AccountRegistrationTest - Clicked on my account............
18:03:21.442 [main] INFO  testCases.TC_001_AccountRegistrationTest - Clicked on Register............
18:03:21.444 [main] INFO  testCases.TC_001_AccountRegistrationTest - Dynamically sending values............
18:03:21.871 [main] INFO  testCases.TC_001_AccountRegistrationTest - Clicked on check box............
18:03:22.389 [main] INFO  testCases.TC_001_AccountRegistrationTest - Clicked on continue button............
18:03:22.390 [main] INFO  testCases.TC_001_AccountRegistrationTest - validating expected message............
18:03:22.438 [main] INFO  testCases.TC_001_AccountRegistrationTest - *********Finished TC_001_AccountRegistrationTest............
22:09:32.013 [main] INFO  testCases.TC_002_LoginTest - ********Starting TC_002_LoginTest test****************
22:09:42.672 [main] INFO  testCases.TC_002_LoginTest - Providing the login Details................
22:09:43.271 [main] INFO  testCases.TC_002_LoginTest - Clicked on Login button
22:09:43.337 [main] INFO  testCases.TC_002_LoginTest - Validation started..................
22:09:43.339 [main] INFO  testCases.TC_002_LoginTest - ***********Finished TC_002_LoginTest test****************
08:39:37.763 [main] INFO  testCases.TC_002_LoginTest - ********Starting TC_002_LoginTest test****************
08:39:38.390 [main] INFO  testCases.TC_002_LoginTest - Providing the login Details................
08:39:39.293 [main] INFO  testCases.TC_002_LoginTest - Clicked on Login button
08:39:39.415 [main] INFO  testCases.TC_002_LoginTest - Validation started..................
08:39:39.421 [main] INFO  testCases.TC_002_LoginTest - ***********Finished TC_002_LoginTest test****************
08:41:30.429 [main] INFO  testCases.TC_001_AccountRegistrationTest - *********Starting TC_001_AccountRegistrationTest****************
08:41:30.645 [main] INFO  testCases.TC_001_AccountRegistrationTest - Clicked on my account............
08:41:31.753 [main] INFO  testCases.TC_001_AccountRegistrationTest - Clicked on Register............
08:41:31.802 [main] INFO  testCases.TC_001_AccountRegistrationTest - Dynamically sending values............
08:41:32.824 [main] INFO  testCases.TC_001_AccountRegistrationTest - Clicked on check box............
08:41:33.680 [main] INFO  testCases.TC_001_AccountRegistrationTest - Clicked on continue button............
08:41:33.680 [main] INFO  testCases.TC_001_AccountRegistrationTest - validating expected message............
08:41:33.768 [main] INFO  testCases.TC_001_AccountRegistrationTest - *********Finished TC_001_AccountRegistrationTest............
08:41:40.838 [main] INFO  testCases.TC_002_LoginTest - ********Starting TC_002_LoginTest test****************
08:41:42.141 [main] INFO  testCases.TC_002_LoginTest - Providing the login Details................
08:41:42.462 [main] INFO  testCases.TC_002_LoginTest - Clicked on Login button
08:41:52.542 [main] INFO  testCases.TC_002_LoginTest - Validation started..................
09:15:10.280 [main] INFO  testCases.TC_001_AccountRegistrationTest - *********Starting TC_001_AccountRegistrationTest****************
09:15:10.465 [main] INFO  testCases.TC_001_AccountRegistrationTest - Clicked on my account............
09:15:11.484 [main] INFO  testCases.TC_001_AccountRegistrationTest - Clicked on Register............
09:15:11.490 [main] INFO  testCases.TC_001_AccountRegistrationTest - Dynamically sending values............
09:15:12.907 [main] INFO  testCases.TC_001_AccountRegistrationTest - Clicked on check box............
09:15:13.870 [main] INFO  testCases.TC_001_AccountRegistrationTest - Clicked on continue button............
09:15:13.871 [main] INFO  testCases.TC_001_AccountRegistrationTest - validating expected message............
09:15:13.986 [main] INFO  testCases.TC_001_AccountRegistrationTest - *********Finished TC_001_AccountRegistrationTest............
09:15:21.317 [main] INFO  testCases.TC_002_LoginTest - ********Starting TC_002_LoginTest test****************
09:15:21.943 [main] INFO  testCases.TC_002_LoginTest - Providing the login Details................
09:15:22.873 [main] INFO  testCases.TC_002_LoginTest - Clicked on Login button
09:15:22.984 [main] INFO  testCases.TC_002_LoginTest - Validation started..................
09:15:22.984 [main] INFO  testCases.TC_002_LoginTest - ***********Finished TC_002_LoginTest test****************
16:26:57.248 [main] INFO  testCases.TC_001_AccountRegistrationTest - *********Starting TC_001_AccountRegistrationTest****************
16:26:57.332 [main] INFO  testCases.TC_001_AccountRegistrationTest - Clicked on my account............
16:26:58.850 [main] INFO  testCases.TC_001_AccountRegistrationTest - Clicked on Register............
16:26:58.852 [main] INFO  testCases.TC_001_AccountRegistrationTest - Dynamically sending values............
16:26:59.236 [main] INFO  testCases.TC_001_AccountRegistrationTest - Clicked on check box............
16:27:00.105 [main] INFO  testCases.TC_001_AccountRegistrationTest - Clicked on continue button............
16:27:00.106 [main] INFO  testCases.TC_001_AccountRegistrationTest - validating expected message............
16:27:00.152 [main] INFO  testCases.TC_001_AccountRegistrationTest - *********Finished TC_001_AccountRegistrationTest............
16:27:12.199 [main] INFO  testCases.TC_002_LoginTest - ********Starting TC_002_LoginTest test****************
16:27:12.592 [main] INFO  testCases.TC_002_LoginTest - Providing the login Details................
16:27:13.313 [main] INFO  testCases.TC_002_LoginTest - Clicked on Login button
16:27:13.353 [main] INFO  testCases.TC_002_LoginTest - Validation started..................
16:27:13.353 [main] INFO  testCases.TC_002_LoginTest - ***********Finished TC_002_LoginTest test****************
16:29:26.220 [main] INFO  testCases.TC_001_AccountRegistrationTest - *********Starting TC_001_AccountRegistrationTest****************
16:29:26.298 [main] INFO  testCases.TC_001_AccountRegistrationTest - Clicked on my account............
16:29:27.521 [main] INFO  testCases.TC_001_AccountRegistrationTest - Clicked on Register............
16:29:27.523 [main] INFO  testCases.TC_001_AccountRegistrationTest - Dynamically sending values............
16:29:27.913 [main] INFO  testCases.TC_001_AccountRegistrationTest - Clicked on check box............
16:29:28.929 [main] INFO  testCases.TC_001_AccountRegistrationTest - Clicked on continue button............
16:29:28.929 [main] INFO  testCases.TC_001_AccountRegistrationTest - validating expected message............
16:29:28.961 [main] INFO  testCases.TC_001_AccountRegistrationTest - *********Finished TC_001_AccountRegistrationTest............
16:29:40.546 [main] INFO  testCases.TC_002_LoginTest - ********Starting TC_002_LoginTest test****************
16:29:40.931 [main] INFO  testCases.TC_002_LoginTest - Providing the login Details................
16:29:42.120 [main] INFO  testCases.TC_002_LoginTest - Clicked on Login button
16:29:42.158 [main] INFO  testCases.TC_002_LoginTest - Validation started..................
16:29:42.158 [main] INFO  testCases.TC_002_LoginTest - ***********Finished TC_002_LoginTest test****************
20:04:29.668 [main] INFO  testCases.TC_001_AccountRegistrationTest - *********Starting TC_001_AccountRegistrationTest****************
20:04:29.791 [main] INFO  testCases.TC_001_AccountRegistrationTest - Clicked on my account............
20:04:30.440 [main] INFO  testCases.TC_001_AccountRegistrationTest - Clicked on Register............
20:04:30.444 [main] INFO  testCases.TC_001_AccountRegistrationTest - Dynamically sending values............
20:04:31.161 [main] INFO  testCases.TC_001_AccountRegistrationTest - Clicked on check box............
20:04:31.729 [main] INFO  testCases.TC_001_AccountRegistrationTest - Clicked on continue button............
20:04:31.730 [main] INFO  testCases.TC_001_AccountRegistrationTest - validating expected message............
20:04:31.787 [main] INFO  testCases.TC_001_AccountRegistrationTest - *********Finished TC_001_AccountRegistrationTest............
20:04:39.534 [main] INFO  testCases.TC_002_LoginTest - ********Starting TC_002_LoginTest test****************
20:04:39.935 [main] INFO  testCases.TC_002_LoginTest - Providing the login Details................
20:04:40.687 [main] INFO  testCases.TC_002_LoginTest - Clicked on Login button
20:04:40.764 [main] INFO  testCases.TC_002_LoginTest - Validation started..................
20:04:40.765 [main] INFO  testCases.TC_002_LoginTest - ***********Finished TC_002_LoginTest test****************
20:05:18.523 [main] INFO  testCases.TC_001_AccountRegistrationTest - *********Starting TC_001_AccountRegistrationTest****************
20:05:18.628 [main] INFO  testCases.TC_001_AccountRegistrationTest - Clicked on my account............
20:05:19.288 [main] INFO  testCases.TC_001_AccountRegistrationTest - Clicked on Register............
20:05:19.289 [main] INFO  testCases.TC_001_AccountRegistrationTest - Dynamically sending values............
20:05:20.206 [main] INFO  testCases.TC_001_AccountRegistrationTest - Clicked on check box............
20:05:20.761 [main] INFO  testCases.TC_001_AccountRegistrationTest - Clicked on continue button............
20:05:20.761 [main] INFO  testCases.TC_001_AccountRegistrationTest - validating expected message............
20:05:20.817 [main] INFO  testCases.TC_001_AccountRegistrationTest - *********Finished TC_001_AccountRegistrationTest............
20:05:28.848 [main] INFO  testCases.TC_002_LoginTest - ********Starting TC_002_LoginTest test****************
20:05:29.246 [main] INFO  testCases.TC_002_LoginTest - Providing the login Details................
20:05:29.901 [main] INFO  testCases.TC_002_LoginTest - Clicked on Login button
20:05:29.985 [main] INFO  testCases.TC_002_LoginTest - Validation started..................
20:05:29.986 [main] INFO  testCases.TC_002_LoginTest - ***********Finished TC_002_LoginTest test****************
20:39:08.290 [main] INFO  testCases.TC_001_AccountRegistrationTest - *********Starting TC_001_AccountRegistrationTest****************
20:39:08.429 [main] INFO  testCases.TC_001_AccountRegistrationTest - Clicked on my account............
20:39:09.024 [main] INFO  testCases.TC_001_AccountRegistrationTest - Clicked on Register............
20:39:09.030 [main] INFO  testCases.TC_001_AccountRegistrationTest - Dynamically sending values............
20:39:09.828 [main] INFO  testCases.TC_001_AccountRegistrationTest - Clicked on check box............
20:39:10.350 [main] INFO  testCases.TC_001_AccountRegistrationTest - Clicked on continue button............
20:39:10.351 [main] INFO  testCases.TC_001_AccountRegistrationTest - validating expected message............
20:39:10.427 [main] INFO  testCases.TC_001_AccountRegistrationTest - *********Finished TC_001_AccountRegistrationTest............
20:39:16.111 [main] INFO  testCases.TC_002_LoginTest - ********Starting TC_002_LoginTest test****************
20:39:16.550 [main] INFO  testCases.TC_002_LoginTest - Providing the login Details................
20:39:17.243 [main] INFO  testCases.TC_002_LoginTest - Clicked on Login button
20:39:17.323 [main] INFO  testCases.TC_002_LoginTest - Validation started..................
20:39:17.323 [main] INFO  testCases.TC_002_LoginTest - ***********Finished TC_002_LoginTest test****************
